<?xml version="1.0" encoding="UTF-8"?>
<testsuite name="AppTest" tests="1" skipped="0" failures="0" errors="0" timestamp="2016-02-09T23:48:59" hostname="epicodus-51.local" time="0.002">
  <properties/>
  <testcase name="numberToWord_returnsAWordForASingleDigitNumber_one" classname="AppTest" time="0.002"/>
  <system-out><![CDATA[]]></system-out>
  <system-err><![CDATA[]]></system-err>
</testsuite>
