<?xml version="1.0" encoding="UTF-8"?>
<testsuite name="AppTest" tests="3" skipped="0" failures="0" errors="0" timestamp="2016-02-10T00:13:10" hostname="epicodus-51.local" time="0.002">
  <properties/>
  <testcase name="numberToWord_returnsAWordForADoubleDigitNumber_fourtyfour" classname="AppTest" time="0.001"/>
  <testcase name="numberToWord_returnsAWordForASingleDigitNumber_one" classname="AppTest" time="0.0"/>
  <testcase name="numberToWord_returnsAWordForADoubleDigitNumberStartingWithOne_fifteen" classname="AppTest" time="0.0"/>
  <system-out><![CDATA[]]></system-out>
  <system-err><![CDATA[]]></system-err>
</testsuite>
